2020-06-16 23:18:54,120 INFO org.springframework.boot.StartupInfoLogger [main] Starting AuctioneerApplication on DESKTOP-0RL0VAJ with PID 20456 (D:\Git\auctioneer\target\classes started by Mat-PC in D:\Git\auctioneer)
2020-06-16 23:18:54,123 INFO org.springframework.boot.SpringApplication [main] No active profile set, falling back to default profiles: default
2020-06-16 23:18:54,563 INFO org.springframework.data.repository.config.RepositoryConfigurationDelegate [main] Bootstrapping Spring Data JPA repositories in DEFERRED mode.
2020-06-16 23:18:54,577 INFO org.springframework.data.repository.config.RepositoryConfigurationDelegate [main] Finished Spring Data repository scanning in 9ms. Found 0 JPA repository interfaces.
2020-06-16 23:18:54,822 INFO org.springframework.boot.web.embedded.tomcat.TomcatWebServer [main] Tomcat initialized with port(s): 8080 (http)
2020-06-16 23:18:54,826 INFO org.apache.juli.logging.DirectJDKLog [main] Starting service [Tomcat]
2020-06-16 23:18:54,827 INFO org.apache.juli.logging.DirectJDKLog [main] Starting Servlet engine: [Apache Tomcat/9.0.35]
2020-06-16 23:18:54,879 INFO org.apache.juli.logging.DirectJDKLog [main] Initializing Spring embedded WebApplicationContext
2020-06-16 23:18:54,879 INFO org.springframework.boot.web.servlet.context.ServletWebServerApplicationContext [main] Root WebApplicationContext: initialization completed in 723 ms
2020-06-16 23:18:54,929 INFO com.zaxxer.hikari.HikariDataSource [main] HikariPool-1 - Starting...
2020-06-16 23:18:54,972 INFO com.zaxxer.hikari.HikariDataSource [main] HikariPool-1 - Start completed.
2020-06-16 23:18:55,004 INFO org.springframework.scheduling.concurrent.ExecutorConfigurationSupport [main] Initializing ExecutorService 'applicationTaskExecutor'
2020-06-16 23:18:55,023 INFO org.hibernate.jpa.internal.util.LogHelper [task-1] HHH000204: Processing PersistenceUnitInfo [name: default]
2020-06-16 23:18:55,073 INFO org.hibernate.Version [task-1] HHH000412: Hibernate ORM core version 5.4.15.Final
2020-06-16 23:18:55,104 WARN org.springframework.boot.autoconfigure.orm.jpa.JpaBaseConfiguration$JpaWebConfiguration [main] spring.jpa.open-in-view is enabled by default. Therefore, database queries may be performed during view rendering. Explicitly configure spring.jpa.open-in-view to disable this warning
2020-06-16 23:18:55,143 INFO org.hibernate.annotations.common.reflection.java.JavaReflectionManager [task-1] HCANN000001: Hibernate Commons Annotations {5.1.0.Final}
2020-06-16 23:18:55,202 INFO org.hibernate.dialect.Dialect [task-1] HHH000400: Using dialect: org.hibernate.dialect.PostgreSQL10Dialect
2020-06-16 23:18:55,278 INFO org.springframework.boot.web.embedded.tomcat.TomcatWebServer [main] Tomcat started on port(s): 8080 (http) with context path ''
2020-06-16 23:18:55,279 INFO org.springframework.data.repository.config.DeferredRepositoryInitializationListener [main] Triggering deferred initialization of Spring Data repositories…
2020-06-16 23:18:55,280 INFO org.springframework.data.repository.config.DeferredRepositoryInitializationListener [main] Spring Data repositories initialized!
2020-06-16 23:18:55,285 INFO org.springframework.boot.StartupInfoLogger [main] Started AuctioneerApplication in 1.374 seconds (JVM running for 1.953)
2020-06-16 23:18:55,632 INFO org.hibernate.engine.transaction.jta.platform.internal.JtaPlatformInitiator [task-1] HHH000490: Using JtaPlatform implementation: [org.hibernate.engine.transaction.jta.platform.internal.NoJtaPlatform]
2020-06-16 23:18:55,636 INFO org.springframework.orm.jpa.AbstractEntityManagerFactoryBean [task-1] Initialized JPA EntityManagerFactory for persistence unit 'default'
2020-06-16 23:18:55,687 INFO edu.auctioneer.config.DbPopulation [main] Successfully populated database using schema.sql script
2020-06-16 23:19:31,004 INFO org.apache.juli.logging.DirectJDKLog [http-nio-8080-exec-2] Initializing Spring DispatcherServlet 'dispatcherServlet'
2020-06-16 23:19:31,004 INFO org.springframework.web.servlet.FrameworkServlet [http-nio-8080-exec-2] Initializing Servlet 'dispatcherServlet'
2020-06-16 23:19:31,007 INFO org.springframework.web.servlet.FrameworkServlet [http-nio-8080-exec-2] Completed initialization in 3 ms
2020-06-16 23:22:06,967 INFO org.springframework.boot.StartupInfoLogger [main] Starting AuctioneerApplication on DESKTOP-0RL0VAJ with PID 1076 (D:\Git\auctioneer\target\classes started by Mat-PC in D:\Git\auctioneer)
2020-06-16 23:22:06,969 INFO org.springframework.boot.SpringApplication [main] No active profile set, falling back to default profiles: default
2020-06-16 23:22:07,391 INFO org.springframework.data.repository.config.RepositoryConfigurationDelegate [main] Bootstrapping Spring Data JPA repositories in DEFERRED mode.
2020-06-16 23:22:07,405 INFO org.springframework.data.repository.config.RepositoryConfigurationDelegate [main] Finished Spring Data repository scanning in 9ms. Found 0 JPA repository interfaces.
2020-06-16 23:22:07,656 INFO org.springframework.boot.web.embedded.tomcat.TomcatWebServer [main] Tomcat initialized with port(s): 8080 (http)
2020-06-16 23:22:07,661 INFO org.apache.juli.logging.DirectJDKLog [main] Starting service [Tomcat]
2020-06-16 23:22:07,662 INFO org.apache.juli.logging.DirectJDKLog [main] Starting Servlet engine: [Apache Tomcat/9.0.35]
2020-06-16 23:22:07,716 INFO org.apache.juli.logging.DirectJDKLog [main] Initializing Spring embedded WebApplicationContext
2020-06-16 23:22:07,716 INFO org.springframework.boot.web.servlet.context.ServletWebServerApplicationContext [main] Root WebApplicationContext: initialization completed in 713 ms
2020-06-16 23:22:07,768 INFO com.zaxxer.hikari.HikariDataSource [main] HikariPool-1 - Starting...
2020-06-16 23:22:07,815 INFO com.zaxxer.hikari.HikariDataSource [main] HikariPool-1 - Start completed.
2020-06-16 23:22:07,852 INFO org.springframework.scheduling.concurrent.ExecutorConfigurationSupport [main] Initializing ExecutorService 'applicationTaskExecutor'
2020-06-16 23:22:07,874 INFO org.hibernate.jpa.internal.util.LogHelper [task-1] HHH000204: Processing PersistenceUnitInfo [name: default]
2020-06-16 23:22:07,904 INFO org.hibernate.Version [task-1] HHH000412: Hibernate ORM core version 5.4.15.Final
2020-06-16 23:22:07,966 WARN org.springframework.boot.autoconfigure.orm.jpa.JpaBaseConfiguration$JpaWebConfiguration [main] spring.jpa.open-in-view is enabled by default. Therefore, database queries may be performed during view rendering. Explicitly configure spring.jpa.open-in-view to disable this warning
2020-06-16 23:22:07,999 INFO org.hibernate.annotations.common.reflection.java.JavaReflectionManager [task-1] HCANN000001: Hibernate Commons Annotations {5.1.0.Final}
2020-06-16 23:22:08,057 INFO org.hibernate.dialect.Dialect [task-1] HHH000400: Using dialect: org.hibernate.dialect.PostgreSQL10Dialect
2020-06-16 23:22:08,139 INFO org.springframework.boot.web.embedded.tomcat.TomcatWebServer [main] Tomcat started on port(s): 8080 (http) with context path ''
2020-06-16 23:22:08,140 INFO org.springframework.data.repository.config.DeferredRepositoryInitializationListener [main] Triggering deferred initialization of Spring Data repositories…
2020-06-16 23:22:08,140 INFO org.springframework.data.repository.config.DeferredRepositoryInitializationListener [main] Spring Data repositories initialized!
2020-06-16 23:22:08,145 INFO org.springframework.boot.StartupInfoLogger [main] Started AuctioneerApplication in 1.374 seconds (JVM running for 1.974)
2020-06-16 23:22:08,468 INFO org.hibernate.engine.transaction.jta.platform.internal.JtaPlatformInitiator [task-1] HHH000490: Using JtaPlatform implementation: [org.hibernate.engine.transaction.jta.platform.internal.NoJtaPlatform]
2020-06-16 23:22:08,472 INFO org.springframework.orm.jpa.AbstractEntityManagerFactoryBean [task-1] Initialized JPA EntityManagerFactory for persistence unit 'default'
2020-06-16 23:22:08,521 INFO edu.auctioneer.config.DbPopulation [main] Successfully populated database using schema.sql script
2020-06-16 23:22:27,545 INFO org.apache.juli.logging.DirectJDKLog [http-nio-8080-exec-2] Initializing Spring DispatcherServlet 'dispatcherServlet'
2020-06-16 23:22:27,545 INFO org.springframework.web.servlet.FrameworkServlet [http-nio-8080-exec-2] Initializing Servlet 'dispatcherServlet'
2020-06-16 23:22:27,548 INFO org.springframework.web.servlet.FrameworkServlet [http-nio-8080-exec-2] Completed initialization in 3 ms
2020-06-16 23:24:50,982 INFO org.springframework.boot.StartupInfoLogger [main] Starting AuctioneerApplication on DESKTOP-0RL0VAJ with PID 11968 (D:\Git\auctioneer\target\classes started by Mat-PC in D:\Git\auctioneer)
2020-06-16 23:24:50,984 INFO org.springframework.boot.SpringApplication [main] No active profile set, falling back to default profiles: default
2020-06-16 23:24:51,408 INFO org.springframework.data.repository.config.RepositoryConfigurationDelegate [main] Bootstrapping Spring Data JPA repositories in DEFERRED mode.
2020-06-16 23:24:51,422 INFO org.springframework.data.repository.config.RepositoryConfigurationDelegate [main] Finished Spring Data repository scanning in 9ms. Found 0 JPA repository interfaces.
2020-06-16 23:24:51,660 INFO org.springframework.boot.web.embedded.tomcat.TomcatWebServer [main] Tomcat initialized with port(s): 8080 (http)
2020-06-16 23:24:51,665 INFO org.apache.juli.logging.DirectJDKLog [main] Starting service [Tomcat]
2020-06-16 23:24:51,665 INFO org.apache.juli.logging.DirectJDKLog [main] Starting Servlet engine: [Apache Tomcat/9.0.35]
2020-06-16 23:24:51,716 INFO org.apache.juli.logging.DirectJDKLog [main] Initializing Spring embedded WebApplicationContext
2020-06-16 23:24:51,716 INFO org.springframework.boot.web.servlet.context.ServletWebServerApplicationContext [main] Root WebApplicationContext: initialization completed in 703 ms
2020-06-16 23:24:51,764 INFO com.zaxxer.hikari.HikariDataSource [main] HikariPool-1 - Starting...
2020-06-16 23:24:51,808 INFO com.zaxxer.hikari.HikariDataSource [main] HikariPool-1 - Start completed.
2020-06-16 23:24:51,839 INFO org.springframework.scheduling.concurrent.ExecutorConfigurationSupport [main] Initializing ExecutorService 'applicationTaskExecutor'
2020-06-16 23:24:51,860 INFO org.hibernate.jpa.internal.util.LogHelper [task-1] HHH000204: Processing PersistenceUnitInfo [name: default]
2020-06-16 23:24:51,911 INFO org.hibernate.Version [task-1] HHH000412: Hibernate ORM core version 5.4.15.Final
2020-06-16 23:24:51,950 WARN org.springframework.boot.autoconfigure.orm.jpa.JpaBaseConfiguration$JpaWebConfiguration [main] spring.jpa.open-in-view is enabled by default. Therefore, database queries may be performed during view rendering. Explicitly configure spring.jpa.open-in-view to disable this warning
2020-06-16 23:24:51,984 INFO org.hibernate.annotations.common.reflection.java.JavaReflectionManager [task-1] HCANN000001: Hibernate Commons Annotations {5.1.0.Final}
2020-06-16 23:24:52,044 INFO org.hibernate.dialect.Dialect [task-1] HHH000400: Using dialect: org.hibernate.dialect.PostgreSQL10Dialect
2020-06-16 23:24:52,054 INFO org.springframework.boot.autoconfigure.web.servlet.WelcomePageHandlerMapping [main] Adding welcome page: class path resource [static/index.html]
2020-06-16 23:24:52,127 INFO org.springframework.boot.web.embedded.tomcat.TomcatWebServer [main] Tomcat started on port(s): 8080 (http) with context path ''
2020-06-16 23:24:52,128 INFO org.springframework.data.repository.config.DeferredRepositoryInitializationListener [main] Triggering deferred initialization of Spring Data repositories…
2020-06-16 23:24:52,128 INFO org.springframework.data.repository.config.DeferredRepositoryInitializationListener [main] Spring Data repositories initialized!
2020-06-16 23:24:52,134 INFO org.springframework.boot.StartupInfoLogger [main] Started AuctioneerApplication in 1.361 seconds (JVM running for 1.96)
2020-06-16 23:24:52,458 INFO org.hibernate.engine.transaction.jta.platform.internal.JtaPlatformInitiator [task-1] HHH000490: Using JtaPlatform implementation: [org.hibernate.engine.transaction.jta.platform.internal.NoJtaPlatform]
2020-06-16 23:24:52,462 INFO org.springframework.orm.jpa.AbstractEntityManagerFactoryBean [task-1] Initialized JPA EntityManagerFactory for persistence unit 'default'
2020-06-16 23:24:52,511 INFO edu.auctioneer.config.DbPopulation [main] Successfully populated database using schema.sql script
2020-06-16 23:25:00,227 INFO org.apache.juli.logging.DirectJDKLog [http-nio-8080-exec-1] Initializing Spring DispatcherServlet 'dispatcherServlet'
2020-06-16 23:25:00,227 INFO org.springframework.web.servlet.FrameworkServlet [http-nio-8080-exec-1] Initializing Servlet 'dispatcherServlet'
2020-06-16 23:25:00,236 INFO org.springframework.web.servlet.FrameworkServlet [http-nio-8080-exec-1] Completed initialization in 8 ms
2020-06-16 23:27:50,740 INFO org.springframework.boot.StartupInfoLogger [main] Starting AuctioneerApplication on DESKTOP-0RL0VAJ with PID 5608 (D:\Git\auctioneer\target\classes started by Mat-PC in D:\Git\auctioneer)
2020-06-16 23:27:50,742 INFO org.springframework.boot.SpringApplication [main] No active profile set, falling back to default profiles: default
2020-06-16 23:27:51,141 INFO org.springframework.data.repository.config.RepositoryConfigurationDelegate [main] Bootstrapping Spring Data JPA repositories in DEFERRED mode.
2020-06-16 23:27:51,156 INFO org.springframework.data.repository.config.RepositoryConfigurationDelegate [main] Finished Spring Data repository scanning in 10ms. Found 0 JPA repository interfaces.
2020-06-16 23:27:51,441 INFO org.springframework.boot.web.embedded.tomcat.TomcatWebServer [main] Tomcat initialized with port(s): 8080 (http)
2020-06-16 23:27:51,445 INFO org.apache.juli.logging.DirectJDKLog [main] Starting service [Tomcat]
2020-06-16 23:27:51,446 INFO org.apache.juli.logging.DirectJDKLog [main] Starting Servlet engine: [Apache Tomcat/9.0.35]
2020-06-16 23:27:51,498 INFO org.apache.juli.logging.DirectJDKLog [main] Initializing Spring embedded WebApplicationContext
2020-06-16 23:27:51,498 INFO org.springframework.boot.web.servlet.context.ServletWebServerApplicationContext [main] Root WebApplicationContext: initialization completed in 732 ms
2020-06-16 23:27:51,546 INFO com.zaxxer.hikari.HikariDataSource [main] HikariPool-1 - Starting...
2020-06-16 23:27:51,588 INFO com.zaxxer.hikari.HikariDataSource [main] HikariPool-1 - Start completed.
2020-06-16 23:27:51,621 INFO org.springframework.scheduling.concurrent.ExecutorConfigurationSupport [main] Initializing ExecutorService 'applicationTaskExecutor'
2020-06-16 23:27:51,641 INFO org.hibernate.jpa.internal.util.LogHelper [task-1] HHH000204: Processing PersistenceUnitInfo [name: default]
2020-06-16 23:27:51,693 INFO org.hibernate.Version [task-1] HHH000412: Hibernate ORM core version 5.4.15.Final
2020-06-16 23:27:51,726 WARN org.springframework.boot.autoconfigure.orm.jpa.JpaBaseConfiguration$JpaWebConfiguration [main] spring.jpa.open-in-view is enabled by default. Therefore, database queries may be performed during view rendering. Explicitly configure spring.jpa.open-in-view to disable this warning
2020-06-16 23:27:51,765 INFO org.hibernate.annotations.common.reflection.java.JavaReflectionManager [task-1] HCANN000001: Hibernate Commons Annotations {5.1.0.Final}
2020-06-16 23:27:51,823 INFO org.hibernate.dialect.Dialect [task-1] HHH000400: Using dialect: org.hibernate.dialect.PostgreSQL10Dialect
2020-06-16 23:27:51,828 INFO org.springframework.boot.autoconfigure.web.servlet.WelcomePageHandlerMapping [main] Adding welcome page: class path resource [static/index.html]
2020-06-16 23:27:51,929 INFO org.springframework.boot.web.embedded.tomcat.TomcatWebServer [main] Tomcat started on port(s): 8080 (http) with context path ''
2020-06-16 23:27:51,933 INFO org.springframework.data.repository.config.DeferredRepositoryInitializationListener [main] Triggering deferred initialization of Spring Data repositories…
2020-06-16 23:27:51,934 INFO org.springframework.data.repository.config.DeferredRepositoryInitializationListener [main] Spring Data repositories initialized!
2020-06-16 23:27:51,942 INFO org.springframework.boot.StartupInfoLogger [main] Started AuctioneerApplication in 1.408 seconds (JVM running for 2.022)
2020-06-16 23:27:52,253 INFO org.hibernate.engine.transaction.jta.platform.internal.JtaPlatformInitiator [task-1] HHH000490: Using JtaPlatform implementation: [org.hibernate.engine.transaction.jta.platform.internal.NoJtaPlatform]
2020-06-16 23:27:52,257 INFO org.springframework.orm.jpa.AbstractEntityManagerFactoryBean [task-1] Initialized JPA EntityManagerFactory for persistence unit 'default'
2020-06-16 23:27:52,307 INFO edu.auctioneer.config.DbPopulation [main] Successfully populated database using schema.sql script
2020-06-16 23:27:54,859 INFO org.apache.juli.logging.DirectJDKLog [http-nio-8080-exec-1] Initializing Spring DispatcherServlet 'dispatcherServlet'
2020-06-16 23:27:54,860 INFO org.springframework.web.servlet.FrameworkServlet [http-nio-8080-exec-1] Initializing Servlet 'dispatcherServlet'
2020-06-16 23:27:54,870 INFO org.springframework.web.servlet.FrameworkServlet [http-nio-8080-exec-1] Completed initialization in 9 ms
2020-06-16 23:28:24,764 INFO org.springframework.boot.StartupInfoLogger [main] Starting AuctioneerApplication on DESKTOP-0RL0VAJ with PID 10252 (D:\Git\auctioneer\target\classes started by Mat-PC in D:\Git\auctioneer)
2020-06-16 23:28:24,766 INFO org.springframework.boot.SpringApplication [main] No active profile set, falling back to default profiles: default
2020-06-16 23:28:25,146 INFO org.springframework.data.repository.config.RepositoryConfigurationDelegate [main] Bootstrapping Spring Data JPA repositories in DEFERRED mode.
2020-06-16 23:28:25,161 INFO org.springframework.data.repository.config.RepositoryConfigurationDelegate [main] Finished Spring Data repository scanning in 10ms. Found 0 JPA repository interfaces.
2020-06-16 23:28:25,421 INFO org.springframework.boot.web.embedded.tomcat.TomcatWebServer [main] Tomcat initialized with port(s): 8080 (http)
2020-06-16 23:28:25,426 INFO org.apache.juli.logging.DirectJDKLog [main] Starting service [Tomcat]
2020-06-16 23:28:25,426 INFO org.apache.juli.logging.DirectJDKLog [main] Starting Servlet engine: [Apache Tomcat/9.0.35]
2020-06-16 23:28:25,479 INFO org.apache.juli.logging.DirectJDKLog [main] Initializing Spring embedded WebApplicationContext
2020-06-16 23:28:25,479 INFO org.springframework.boot.web.servlet.context.ServletWebServerApplicationContext [main] Root WebApplicationContext: initialization completed in 686 ms
2020-06-16 23:28:25,526 INFO com.zaxxer.hikari.HikariDataSource [main] HikariPool-1 - Starting...
2020-06-16 23:28:25,572 INFO com.zaxxer.hikari.HikariDataSource [main] HikariPool-1 - Start completed.
2020-06-16 23:28:25,604 INFO org.springframework.scheduling.concurrent.ExecutorConfigurationSupport [main] Initializing ExecutorService 'applicationTaskExecutor'
2020-06-16 23:28:25,625 INFO org.hibernate.jpa.internal.util.LogHelper [task-1] HHH000204: Processing PersistenceUnitInfo [name: default]
2020-06-16 23:28:25,675 INFO org.hibernate.Version [task-1] HHH000412: Hibernate ORM core version 5.4.15.Final
2020-06-16 23:28:25,709 WARN org.springframework.boot.autoconfigure.orm.jpa.JpaBaseConfiguration$JpaWebConfiguration [main] spring.jpa.open-in-view is enabled by default. Therefore, database queries may be performed during view rendering. Explicitly configure spring.jpa.open-in-view to disable this warning
2020-06-16 23:28:25,751 INFO org.hibernate.annotations.common.reflection.java.JavaReflectionManager [task-1] HCANN000001: Hibernate Commons Annotations {5.1.0.Final}
2020-06-16 23:28:25,811 INFO org.hibernate.dialect.Dialect [task-1] HHH000400: Using dialect: org.hibernate.dialect.PostgreSQL10Dialect
2020-06-16 23:28:25,814 INFO org.springframework.boot.autoconfigure.web.servlet.WelcomePageHandlerMapping [main] Adding welcome page: class path resource [static/index.html]
2020-06-16 23:28:25,887 INFO org.springframework.boot.web.embedded.tomcat.TomcatWebServer [main] Tomcat started on port(s): 8080 (http) with context path ''
2020-06-16 23:28:25,888 INFO org.springframework.data.repository.config.DeferredRepositoryInitializationListener [main] Triggering deferred initialization of Spring Data repositories…
2020-06-16 23:28:25,889 INFO org.springframework.data.repository.config.DeferredRepositoryInitializationListener [main] Spring Data repositories initialized!
2020-06-16 23:28:25,894 INFO org.springframework.boot.StartupInfoLogger [main] Started AuctioneerApplication in 1.344 seconds (JVM running for 1.957)
2020-06-16 23:28:26,218 INFO org.hibernate.engine.transaction.jta.platform.internal.JtaPlatformInitiator [task-1] HHH000490: Using JtaPlatform implementation: [org.hibernate.engine.transaction.jta.platform.internal.NoJtaPlatform]
2020-06-16 23:28:26,222 INFO org.springframework.orm.jpa.AbstractEntityManagerFactoryBean [task-1] Initialized JPA EntityManagerFactory for persistence unit 'default'
2020-06-16 23:28:26,272 INFO edu.auctioneer.config.DbPopulation [main] Successfully populated database using schema.sql script
2020-06-16 23:28:26,747 INFO org.apache.juli.logging.DirectJDKLog [http-nio-8080-exec-2] Initializing Spring DispatcherServlet 'dispatcherServlet'
2020-06-16 23:28:26,748 INFO org.springframework.web.servlet.FrameworkServlet [http-nio-8080-exec-2] Initializing Servlet 'dispatcherServlet'
2020-06-16 23:28:26,751 INFO org.springframework.web.servlet.FrameworkServlet [http-nio-8080-exec-2] Completed initialization in 3 ms
2020-06-16 23:28:33,248 INFO org.springframework.boot.StartupInfoLogger [main] Starting AuctioneerApplication on DESKTOP-0RL0VAJ with PID 2584 (D:\Git\auctioneer\target\classes started by Mat-PC in D:\Git\auctioneer)
2020-06-16 23:28:33,251 INFO org.springframework.boot.SpringApplication [main] No active profile set, falling back to default profiles: default
2020-06-16 23:28:33,678 INFO org.springframework.data.repository.config.RepositoryConfigurationDelegate [main] Bootstrapping Spring Data JPA repositories in DEFERRED mode.
2020-06-16 23:28:33,692 INFO org.springframework.data.repository.config.RepositoryConfigurationDelegate [main] Finished Spring Data repository scanning in 9ms. Found 0 JPA repository interfaces.
2020-06-16 23:28:33,938 INFO org.springframework.boot.web.embedded.tomcat.TomcatWebServer [main] Tomcat initialized with port(s): 8080 (http)
2020-06-16 23:28:33,943 INFO org.apache.juli.logging.DirectJDKLog [main] Starting service [Tomcat]
2020-06-16 23:28:33,943 INFO org.apache.juli.logging.DirectJDKLog [main] Starting Servlet engine: [Apache Tomcat/9.0.35]
2020-06-16 23:28:33,999 INFO org.apache.juli.logging.DirectJDKLog [main] Initializing Spring embedded WebApplicationContext
2020-06-16 23:28:33,999 INFO org.springframework.boot.web.servlet.context.ServletWebServerApplicationContext [main] Root WebApplicationContext: initialization completed in 722 ms
2020-06-16 23:28:34,049 INFO com.zaxxer.hikari.HikariDataSource [main] HikariPool-1 - Starting...
2020-06-16 23:28:34,093 INFO com.zaxxer.hikari.HikariDataSource [main] HikariPool-1 - Start completed.
2020-06-16 23:28:34,126 INFO org.springframework.scheduling.concurrent.ExecutorConfigurationSupport [main] Initializing ExecutorService 'applicationTaskExecutor'
2020-06-16 23:28:34,147 INFO org.hibernate.jpa.internal.util.LogHelper [task-1] HHH000204: Processing PersistenceUnitInfo [name: default]
2020-06-16 23:28:34,204 INFO org.hibernate.Version [task-1] HHH000412: Hibernate ORM core version 5.4.15.Final
2020-06-16 23:28:34,241 WARN org.springframework.boot.autoconfigure.orm.jpa.JpaBaseConfiguration$JpaWebConfiguration [main] spring.jpa.open-in-view is enabled by default. Therefore, database queries may be performed during view rendering. Explicitly configure spring.jpa.open-in-view to disable this warning
2020-06-16 23:28:34,280 INFO org.hibernate.annotations.common.reflection.java.JavaReflectionManager [task-1] HCANN000001: Hibernate Commons Annotations {5.1.0.Final}
2020-06-16 23:28:34,340 INFO org.hibernate.dialect.Dialect [task-1] HHH000400: Using dialect: org.hibernate.dialect.PostgreSQL10Dialect
2020-06-16 23:28:34,372 INFO org.springframework.boot.autoconfigure.web.servlet.WelcomePageHandlerMapping [main] Adding welcome page: class path resource [static/index.html]
2020-06-16 23:28:34,447 INFO org.springframework.boot.web.embedded.tomcat.TomcatWebServer [main] Tomcat started on port(s): 8080 (http) with context path ''
2020-06-16 23:28:34,448 INFO org.springframework.data.repository.config.DeferredRepositoryInitializationListener [main] Triggering deferred initialization of Spring Data repositories…
2020-06-16 23:28:34,449 INFO org.springframework.data.repository.config.DeferredRepositoryInitializationListener [main] Spring Data repositories initialized!
2020-06-16 23:28:34,454 INFO org.springframework.boot.StartupInfoLogger [main] Started AuctioneerApplication in 1.417 seconds (JVM running for 2.011)
2020-06-16 23:28:34,628 INFO org.apache.juli.logging.DirectJDKLog [http-nio-8080-exec-1] Initializing Spring DispatcherServlet 'dispatcherServlet'
2020-06-16 23:28:34,629 INFO org.springframework.web.servlet.FrameworkServlet [http-nio-8080-exec-1] Initializing Servlet 'dispatcherServlet'
2020-06-16 23:28:34,632 INFO org.springframework.web.servlet.FrameworkServlet [http-nio-8080-exec-1] Completed initialization in 3 ms
2020-06-16 23:28:34,774 INFO org.hibernate.engine.transaction.jta.platform.internal.JtaPlatformInitiator [task-1] HHH000490: Using JtaPlatform implementation: [org.hibernate.engine.transaction.jta.platform.internal.NoJtaPlatform]
2020-06-16 23:28:34,778 INFO org.springframework.orm.jpa.AbstractEntityManagerFactoryBean [task-1] Initialized JPA EntityManagerFactory for persistence unit 'default'
2020-06-16 23:28:34,832 INFO edu.auctioneer.config.DbPopulation [main] Successfully populated database using schema.sql script
2020-06-16 23:29:07,295 INFO org.springframework.boot.StartupInfoLogger [main] Starting AuctioneerApplication on DESKTOP-0RL0VAJ with PID 19300 (D:\Git\auctioneer\target\classes started by Mat-PC in D:\Git\auctioneer)
2020-06-16 23:29:07,297 INFO org.springframework.boot.SpringApplication [main] No active profile set, falling back to default profiles: default
2020-06-16 23:29:07,747 INFO org.springframework.data.repository.config.RepositoryConfigurationDelegate [main] Bootstrapping Spring Data JPA repositories in DEFERRED mode.
2020-06-16 23:29:07,760 INFO org.springframework.data.repository.config.RepositoryConfigurationDelegate [main] Finished Spring Data repository scanning in 9ms. Found 0 JPA repository interfaces.
2020-06-16 23:29:08,020 INFO org.springframework.boot.web.embedded.tomcat.TomcatWebServer [main] Tomcat initialized with port(s): 8080 (http)
2020-06-16 23:29:08,025 INFO org.apache.juli.logging.DirectJDKLog [main] Starting service [Tomcat]
2020-06-16 23:29:08,025 INFO org.apache.juli.logging.DirectJDKLog [main] Starting Servlet engine: [Apache Tomcat/9.0.35]
2020-06-16 23:29:08,080 INFO org.apache.juli.logging.DirectJDKLog [main] Initializing Spring embedded WebApplicationContext
2020-06-16 23:29:08,080 INFO org.springframework.boot.web.servlet.context.ServletWebServerApplicationContext [main] Root WebApplicationContext: initialization completed in 747 ms
2020-06-16 23:29:08,128 INFO com.zaxxer.hikari.HikariDataSource [main] HikariPool-1 - Starting...
2020-06-16 23:29:08,172 INFO com.zaxxer.hikari.HikariDataSource [main] HikariPool-1 - Start completed.
2020-06-16 23:29:08,205 INFO org.springframework.scheduling.concurrent.ExecutorConfigurationSupport [main] Initializing ExecutorService 'applicationTaskExecutor'
2020-06-16 23:29:08,235 INFO org.hibernate.jpa.internal.util.LogHelper [task-1] HHH000204: Processing PersistenceUnitInfo [name: default]
2020-06-16 23:29:08,288 INFO org.hibernate.Version [task-1] HHH000412: Hibernate ORM core version 5.4.15.Final
2020-06-16 23:29:08,321 WARN org.springframework.boot.autoconfigure.orm.jpa.JpaBaseConfiguration$JpaWebConfiguration [main] spring.jpa.open-in-view is enabled by default. Therefore, database queries may be performed during view rendering. Explicitly configure spring.jpa.open-in-view to disable this warning
2020-06-16 23:29:08,358 INFO org.hibernate.annotations.common.reflection.java.JavaReflectionManager [task-1] HCANN000001: Hibernate Commons Annotations {5.1.0.Final}
2020-06-16 23:29:08,418 INFO org.hibernate.dialect.Dialect [task-1] HHH000400: Using dialect: org.hibernate.dialect.PostgreSQL10Dialect
2020-06-16 23:29:08,422 INFO org.springframework.boot.autoconfigure.web.servlet.WelcomePageHandlerMapping [main] Adding welcome page: class path resource [static/index.html]
2020-06-16 23:29:08,526 INFO org.springframework.boot.web.embedded.tomcat.TomcatWebServer [main] Tomcat started on port(s): 8080 (http) with context path ''
2020-06-16 23:29:08,528 INFO org.springframework.data.repository.config.DeferredRepositoryInitializationListener [main] Triggering deferred initialization of Spring Data repositories…
2020-06-16 23:29:08,528 INFO org.springframework.data.repository.config.DeferredRepositoryInitializationListener [main] Spring Data repositories initialized!
2020-06-16 23:29:08,533 INFO org.springframework.boot.StartupInfoLogger [main] Started AuctioneerApplication in 1.452 seconds (JVM running for 2.085)
2020-06-16 23:29:08,599 INFO org.apache.juli.logging.DirectJDKLog [http-nio-8080-exec-1] Initializing Spring DispatcherServlet 'dispatcherServlet'
2020-06-16 23:29:08,599 INFO org.springframework.web.servlet.FrameworkServlet [http-nio-8080-exec-1] Initializing Servlet 'dispatcherServlet'
2020-06-16 23:29:08,602 INFO org.springframework.web.servlet.FrameworkServlet [http-nio-8080-exec-1] Completed initialization in 3 ms
2020-06-16 23:29:08,838 INFO org.hibernate.engine.transaction.jta.platform.internal.JtaPlatformInitiator [task-1] HHH000490: Using JtaPlatform implementation: [org.hibernate.engine.transaction.jta.platform.internal.NoJtaPlatform]
2020-06-16 23:29:08,842 INFO org.springframework.orm.jpa.AbstractEntityManagerFactoryBean [task-1] Initialized JPA EntityManagerFactory for persistence unit 'default'
2020-06-16 23:29:08,896 INFO edu.auctioneer.config.DbPopulation [main] Successfully populated database using schema.sql script
